Copyright 1986-2016 Xilinx, Inc. All Rights Reserved.
------------------------------------------------------------------------------------------
| Tool Version : Vivado v.2016.2 (win64) Build 1577090 Thu Jun  2 16:32:40 MDT 2016
| Date         : Thu May 03 21:36:18 2018
| Host         : Wmiracle running 64-bit major release  (build 9200)
| Command      : report_control_sets -verbose -file vgacontroller_control_sets_placed.rpt
| Design       : vgacontroller
| Device       : xc7z010
------------------------------------------------------------------------------------------

Control Set Information

Table of Contents
-----------------
1. Summary
2. Flip-Flop Distribution
3. Detailed Control Set Information

1. Summary
----------

+----------------------------------------------------------+-------+
|                          Status                          | Count |
+----------------------------------------------------------+-------+
| Number of unique control sets                            |   105 |
| Unused register locations in slices containing registers |   384 |
+----------------------------------------------------------+-------+


2. Flip-Flop Distribution
-------------------------

+--------------+-----------------------+------------------------+-----------------+--------------+
| Clock Enable | Synchronous Set/Reset | Asynchronous Set/Reset | Total Registers | Total Slices |
+--------------+-----------------------+------------------------+-----------------+--------------+
| No           | No                    | No                     |             134 |          100 |
| No           | No                    | Yes                    |             283 |          119 |
| No           | Yes                   | No                     |             246 |           69 |
| Yes          | No                    | No                     |             174 |           76 |
| Yes          | No                    | Yes                    |             561 |          189 |
| Yes          | Yes                   | No                     |             354 |           99 |
+--------------+-----------------------+------------------------+-----------------+--------------+


3. Detailed Control Set Information
-----------------------------------

+----------------------+------------------------------+----------------------------------+------------------+----------------+
|     Clock Signal     |         Enable Signal        |         Set/Reset Signal         | Slice Load Count | Bel Load Count |
+----------------------+------------------------------+----------------------------------+------------------+----------------+
|  clk_gen/inst/clk_25 | ALN15/alienY_reg[2]_4[0]     | rst_IBUF                         |                2 |              7 |
|  clk_gen/inst/clk_25 | ALN15/points_reg[0][0]       | rst_IBUF                         |                3 |              7 |
|  clk_gen/inst/clk_25 | ALN9/alienY[8]_i_1__12_n_0   | rst_IBUF                         |                3 |              7 |
|  clk_gen/inst/clk_25 | ALN8/alienY[8]_i_1__3_n_0    | rst_IBUF                         |                4 |              7 |
|  clk_gen/inst/clk_25 | ALN3/alienY[8]_i_1__10_n_0   | rst_IBUF                         |                4 |              7 |
|  clk_gen/inst/clk_25 | ALN6/alienY[8]_i_1__5_n_0    | rst_IBUF                         |                3 |              7 |
|  clk_gen/inst/clk_25 | ALN4/alienY[8]_i_1__9_n_0    | rst_IBUF                         |                3 |              7 |
|  clk_gen/inst/clk_25 | ALN14/alienY[8]_i_1__11_n_0  | rst_IBUF                         |                2 |              7 |
|  clk_gen/inst/clk_25 | ALN5/alienY[8]_i_1_n_0       | rst_IBUF                         |                3 |              7 |
|  clk_gen/inst/clk_25 | ALN13/alienY[8]_i_1__7_n_0   | rst_IBUF                         |                2 |              7 |
|  clk_gen/inst/clk_25 | ALN11/alienY[8]_i_1__6_n_0   | rst_IBUF                         |                2 |              7 |
|  clk_gen/inst/clk_25 | ALN1/alienY[8]_i_1__13_n_0   | rst_IBUF                         |                3 |              7 |
|  clk_gen/inst/clk_25 | ALN10/alienY[8]_i_1__4_n_0   | rst_IBUF                         |                4 |              7 |
|  clk_gen/inst/clk_25 | ALN15/alienY[8]_i_1__8_n_0   | rst_IBUF                         |                4 |              7 |
|  clk_gen/inst/clk_25 | ALN15/alienY_reg[2]_2[0]     | rst_IBUF                         |                3 |              7 |
|  clk_gen/inst/clk_25 | ALN15/alienY_reg[2]_3[0]     | rst_IBUF                         |                3 |              7 |
|  clk_IBUF_BUFG       |                              |                                  |                6 |              9 |
|  clk_IBUF_BUFG       |                              | rst_IBUF                         |                6 |              9 |
|  clk_gen/inst/clk_25 | ALN7/rocketY_reg[0][0]       |                                  |                4 |              9 |
|  clk_gen/inst/clk_25 | ALN5/rocketY_reg[0][0]       |                                  |                4 |              9 |
|  clk_gen/inst/clk_25 | ALN12/rocketY_reg[0][0]      |                                  |                4 |              9 |
|  clk_gen/inst/clk_50 | VSYNC/vaddr0                 | rst_IBUF                         |                4 |              9 |
|  clk_gen/inst/clk_50 |                              | HSYNC/B_reg[0]                   |                8 |              9 |
|  clk_gen/inst/clk_25 | sel__0                       | rst_IBUF                         |                3 |              9 |
|  clk_gen/inst/clk_25 | PUL3/E[0]                    |                                  |                3 |              9 |
|  clk_gen/inst/clk_25 | ALN14/rocketY_reg[0][0]      |                                  |                4 |              9 |
|  clk_gen/inst/clk_25 | ALN1/rocketY_reg[0][0]       |                                  |                4 |              9 |
|  clk_gen/inst/clk_25 | ALN9/rocketY_reg[0][0]       |                                  |                4 |              9 |
|  clk_gen/inst/clk_25 | VSYNC/E[0]                   | rst_IBUF                         |                5 |              9 |
|  clk_gen/inst/clk_25 | ALN10/E[0]                   | rst_IBUF                         |                2 |             10 |
|  clk_gen/inst/clk_25 | ALN11/E[0]                   | rst_IBUF                         |                5 |             10 |
|  clk_gen/inst/clk_25 | ALN12/alienX[9]_i_1__7_n_0   | rst_IBUF                         |                3 |             10 |
|  clk_gen/inst/clk_25 | ALN12/E[0]                   | rst_IBUF                         |                4 |             10 |
|  clk_gen/inst/clk_25 | ALN12/rocketX_reg[0][0]      |                                  |                3 |             10 |
|  clk_gen/inst/clk_25 | ALN13/alienX                 | rst_IBUF                         |                3 |             10 |
|  clk_gen/inst/clk_25 | ALN13/E[0]                   | rst_IBUF                         |                3 |             10 |
|  clk_gen/inst/clk_25 | ALN14/alienX[9]_i_1__3_n_0   | rst_IBUF                         |                3 |             10 |
|  clk_gen/inst/clk_25 | ALN14/E[0]                   | rst_IBUF                         |                3 |             10 |
|  clk_gen/inst/clk_25 | ALIENRKT6/rocketX[9]_i_1_n_0 |                                  |                2 |             10 |
|  clk_gen/inst/clk_25 | SHIP/spaceshipX[9]_i_1_n_0   | rst_IBUF                         |                4 |             10 |
|  clk_gen/inst/clk_25 | ALN15/E[0]                   | rst_IBUF                         |                3 |             10 |
|  clk_gen/inst/clk_50 | HSYNC/haddr[9]_i_1_n_0       | rst_IBUF                         |                3 |             10 |
|  clk_gen/inst/clk_25 | ALN1/alienX[9]_i_1__5_n_0    | rst_IBUF                         |                3 |             10 |
|  clk_gen/inst/clk_25 | ALN1/E[0]                    | rst_IBUF                         |                3 |             10 |
|  clk_gen/inst/clk_25 | ALN1/rocketX_reg[0][0]       |                                  |                5 |             10 |
|  clk_gen/inst/clk_25 | ALN15/alienX                 | rst_IBUF                         |                3 |             10 |
|  clk_gen/inst/clk_25 | ALN2/alienX[9]_i_1__1_n_0    | rst_IBUF                         |                3 |             10 |
|  clk_gen/inst/clk_25 | ALN2/E[0]                    | rst_IBUF                         |                3 |             10 |
|  clk_gen/inst/clk_25 | ALN3/alienX[9]_i_1__2_n_0    | rst_IBUF                         |                3 |             10 |
|  clk_gen/inst/clk_25 | ALN3/E[0]                    | rst_IBUF                         |                5 |             10 |
|  clk_gen/inst/clk_25 | ALN4/alienX[9]_i_1__0_n_0    | rst_IBUF                         |                3 |             10 |
|  clk_gen/inst/clk_25 | ALN7/rocketX_reg[0][0]       |                                  |                4 |             10 |
|  clk_gen/inst/clk_25 | ALN11/alienX                 | rst_IBUF                         |                3 |             10 |
|  clk_gen/inst/clk_25 | ALN4/E[0]                    | rst_IBUF                         |                4 |             10 |
|  clk_gen/inst/clk_25 | ALN5/alienX[9]_i_1_n_0       | rst_IBUF                         |                3 |             10 |
|  clk_gen/inst/clk_25 | ALN5/E[0]                    | rst_IBUF                         |                3 |             10 |
|  clk_gen/inst/clk_25 | ALN5/rocketX_reg[0][0]       |                                  |                5 |             10 |
|  clk_gen/inst/clk_25 | ALN6/alienX                  | rst_IBUF                         |                3 |             10 |
|  clk_gen/inst/clk_25 | ALN6/E[0]                    | rst_IBUF                         |                3 |             10 |
|  clk_gen/inst/clk_25 | ALN7/alienX[9]_i_1__6_n_0    | rst_IBUF                         |                3 |             10 |
|  clk_gen/inst/clk_25 | ALN7/E[0]                    | rst_IBUF                         |                3 |             10 |
|  clk_gen/inst/clk_25 | ALN8/alienX                  | rst_IBUF                         |                3 |             10 |
|  clk_gen/inst/clk_25 | ALN8/E[0]                    | rst_IBUF                         |                3 |             10 |
|  clk_gen/inst/clk_25 | ALN9/alienX[9]_i_1__4_n_0    | rst_IBUF                         |                3 |             10 |
|  clk_gen/inst/clk_25 | ALN9/E[0]                    | rst_IBUF                         |                3 |             10 |
|  clk_gen/inst/clk_25 | ALN9/rocketX_reg[0][0]       |                                  |                4 |             10 |
|  clk_gen/inst/clk_25 | ALN10/alienX                 | rst_IBUF                         |                3 |             10 |
|  clk_gen/inst/clk_50 | VSYNC/sel0[11]               | rst_IBUF                         |                4 |             11 |
|  clk_gen/inst/clk_25 | PUL3/rocketX_reg[0]          |                                  |                6 |             13 |
|  clk_gen/inst/clk_25 | VSYNC/gameoveraddr_reg[0]    | rst_IBUF                         |                4 |             15 |
|  clk_gen/inst/clk_25 | VSYNC/winaddr_reg[0]         | rst_IBUF                         |                4 |             16 |
|  clk_gen/inst/clk_25 | VSYNC/startaddr_reg[16]_0    |                                  |                5 |             17 |
|  clk_IBUF_BUFG       | DBF/count[0]_i_1_n_0         | rst_IBUF                         |                5 |             20 |
|  clk_IBUF_BUFG       | DBL/count[0]_i_1__1_n_0      | rst_IBUF                         |                5 |             20 |
|  clk_IBUF_BUFG       | DBR/count[0]_i_1__0_n_0      | rst_IBUF                         |                5 |             20 |
|  clk_gen/inst/clk_25 | ALN4/startaddr1              |                                  |               15 |             21 |
|  clk_IBUF_BUFG       |                              | PUL2/counter[23]_i_1__21_n_0     |                6 |             23 |
|  clk_IBUF_BUFG       |                              | PUL3/counter[23]_i_1__23_n_0     |                6 |             23 |
|  clk_gen/inst/clk_25 | ALN4/startaddr1              | ALN11/counter[23]_i_1__18_n_0    |                6 |             23 |
|  clk_IBUF_BUFG       |                              | PUL1/counter[23]_i_1__22_n_0     |                6 |             23 |
|  clk_gen/inst/clk_25 | ALN4/startaddr1              | ALN6/counter[23]_i_1__17_n_0     |                6 |             23 |
|  clk_gen/inst/clk_25 | ALN4/startaddr1              | ALN13/counter[23]_i_1__19_n_0    |                6 |             23 |
|  clk_gen/inst/clk_25 | ALN4/startaddr1              | ALN10/counter[23]_i_1__16_n_0    |                6 |             23 |
|  clk_gen/inst/clk_25 | ALN4/startaddr1              | ALN15/counter[23]_i_1__20_n_0    |                6 |             23 |
|  clk_gen/inst/clk_25 | ALN4/startaddr1              | ALN8/counter[23]_i_1__15_n_0     |                6 |             23 |
|  clk_gen/inst/clk_25 |                              | ALIENRKT4/counter[23]_i_1__4_n_0 |                8 |             24 |
|  clk_gen/inst/clk_25 |                              | ALIENRKT1/counter[23]_i_1__1_n_0 |                6 |             24 |
|  clk_gen/inst/clk_25 |                              | ALIENRKT2/counter[23]_i_1__2_n_0 |                6 |             24 |
|  clk_gen/inst/clk_25 |                              | ALIENRKT3/counter[23]_i_1__3_n_0 |                6 |             24 |
|  clk_gen/inst/clk_25 |                              | ALIENRKT5/counter[23]_i_1__5_n_0 |                6 |             24 |
|  clk_gen/inst/clk_25 | ALN4/startaddr1              | ALN1/counter[23]_i_1__12_n_0     |                7 |             24 |
|  clk_gen/inst/clk_25 | ALN4/startaddr1              | ALN2/counter[23]_i_1__8_n_0      |                7 |             24 |
|  clk_gen/inst/clk_25 | ALN4/startaddr1              | ALN7/counter[23]_i_1__13_n_0     |                7 |             24 |
|  clk_gen/inst/clk_25 |                              | RKTSHIP/counter[23]_i_1__0_n_0   |                6 |             24 |
|  clk_gen/inst/clk_25 | ALN4/startaddr1              | ALN5/counter[23]_i_1__6_n_0      |                7 |             24 |
|  clk_gen/inst/clk_25 | ALN4/startaddr1              | ALN14/counter[23]_i_1__10_n_0    |                7 |             24 |
|  clk_gen/inst/clk_25 | ALN4/startaddr1              | ALN12/counter[23]_i_1__14_n_0    |                7 |             24 |
|  clk_gen/inst/clk_25 | ALN4/startaddr1              | ALN3/counter[23]_i_1__9_n_0      |                7 |             24 |
|  clk_gen/inst/clk_25 | ALN4/startaddr1              | ALN4/counter[23]_i_1__7_n_0      |                7 |             24 |
|  clk_gen/inst/clk_25 |                              | ALIENRKT6/counter[23]_i_1_n_0    |                5 |             24 |
|  clk_gen/inst/clk_25 | ALN4/startaddr1              | ALN9/counter[23]_i_1__11_n_0     |                7 |             24 |
|  clk_gen/inst/clk_50 |                              | rst_IBUF                         |               11 |             35 |
|  clk_gen/inst/clk_50 |                              |                                  |               35 |             39 |
|  clk_gen/inst/clk_25 |                              |                                  |               59 |             86 |
|  clk_gen/inst/clk_25 |                              | rst_IBUF                         |              102 |            239 |
+----------------------+------------------------------+----------------------------------+------------------+----------------+


