#-----------------------------------------------------------
# Vivado v2016.2 (64-bit)
# SW Build 1577090 on Thu Jun  2 16:32:40 MDT 2016
# IP Build 1577682 on Fri Jun  3 12:00:54 MDT 2016
# Start of session at: Tue May 01 10:05:16 2018
# Process ID: 5344
# Current directory: F:/vivado_pj/space_invader
# Command line: vivado.exe -gui_launcher_event rodinguilauncherevent5364 F:\vivado_pj\space_invader\space_invader.xpr
# Log file: F:/vivado_pj/space_invader/vivado.log
# Journal file: F:/vivado_pj/space_invader\vivado.jou
#-----------------------------------------------------------
start_gui
open_project F:/vivado_pj/space_invader/space_invader.xpr
Scanning sources...
Finished scanning sources
INFO: [IP_Flow 19-234] Refreshing IP repositories
INFO: [IP_Flow 19-1704] No user IP repositories specified
INFO: [IP_Flow 19-2313] Loaded Vivado IP repository 'D:/Vivado2016.2/Vivado/2016.2/data/ip'.
open_project: Time (s): cpu = 00:00:18 ; elapsed = 00:00:18 . Memory (MB): peak = 837.848 ; gain = 229.375
update_compile_order -fileset sources_1
INFO: [Device 21-403] Loading part xc7z010clg400-1
WARNING: [IP_Flow 19-4067] Ignoring invalid widget type specified checkbox.Providing a default widget
WARNING: [IP_Flow 19-4067] Ignoring invalid widget type specified checkbox.Providing a default widget
WARNING: [IP_Flow 19-4067] Ignoring invalid widget type specified checkbox.Providing a default widget
WARNING: [IP_Flow 19-4067] Ignoring invalid widget type specified checkbox.Providing a default widget
WARNING: [IP_Flow 19-4067] Ignoring invalid widget type specified checkbox.Providing a default widget
WARNING: [IP_Flow 19-4067] Ignoring invalid widget type specified checkbox.Providing a default widget
WARNING: [IP_Flow 19-4067] Ignoring invalid widget type specified checkbox.Providing a default widget
WARNING: [IP_Flow 19-4067] Ignoring invalid widget type specified checkbox.Providing a default widget
exit
INFO: [Common 17-206] Exiting Vivado at Tue May 01 11:05:01 2018...
